CRITICAL - 2020-12-20 14:00:42 --> Invalid argument supplied for foreach()
#0 C:\xampp74\htdocs\codeigniter4\appFirst\app\Views\layout\bootstrap.php(57): CodeIgniter\Debug\Exceptions->errorHandler(2, 'Invalid argumen...', 'C:\\xampp74\\htdo...', 57, Array)
#1 C:\xampp74\htdocs\codeigniter4\appFirst\vendor\codeigniter4\framework\system\View\View.php(246): include('C:\\xampp74\\htdo...')
#2 C:\xampp74\htdocs\codeigniter4\appFirst\vendor\codeigniter4\framework\system\View\View.php(257): CodeIgniter\View\View->render('layout/bootstra...', Array, true)
#3 C:\xampp74\htdocs\codeigniter4\appFirst\vendor\codeigniter4\framework\system\Common.php(1119): CodeIgniter\View\View->render('cadastro', Array, true)
#4 C:\xampp74\htdocs\codeigniter4\appFirst\app\Libraries\GrudComponent\Controlador.php(299): view('cadastro', Array)
#5 C:\xampp74\htdocs\codeigniter4\appFirst\app\Controllers\Exemples.php(55): App\Libraries\GrudComponent\Controlador->show()
#6 C:\xampp74\htdocs\codeigniter4\appFirst\vendor\codeigniter4\framework\system\CodeIgniter.php(918): App\Controllers\Exemples->Escritorios()
#7 C:\xampp74\htdocs\codeigniter4\appFirst\vendor\codeigniter4\framework\system\CodeIgniter.php(404): CodeIgniter\CodeIgniter->runController(Object(App\Controllers\Exemples))
#8 C:\xampp74\htdocs\codeigniter4\appFirst\vendor\codeigniter4\framework\system\CodeIgniter.php(312): CodeIgniter\CodeIgniter->handleRequest(NULL, Object(Config\Cache), false)
#9 C:\xampp74\htdocs\codeigniter4\appFirst\public\index.php(45): CodeIgniter\CodeIgniter->run()
#10 {main}
CRITICAL - 2020-12-20 14:02:11 --> Undefined variable: menus
#0 C:\xampp74\htdocs\codeigniter4\appFirst\app\Views\layout\bootstrap.php(57): CodeIgniter\Debug\Exceptions->errorHandler(8, 'Undefined varia...', 'C:\\xampp74\\htdo...', 57, Array)
#1 C:\xampp74\htdocs\codeigniter4\appFirst\vendor\codeigniter4\framework\system\View\View.php(246): include('C:\\xampp74\\htdo...')
#2 C:\xampp74\htdocs\codeigniter4\appFirst\vendor\codeigniter4\framework\system\View\View.php(257): CodeIgniter\View\View->render('layout/bootstra...', Array, true)
#3 C:\xampp74\htdocs\codeigniter4\appFirst\vendor\codeigniter4\framework\system\Common.php(1119): CodeIgniter\View\View->render('cadastro', Array, true)
#4 C:\xampp74\htdocs\codeigniter4\appFirst\app\Libraries\GrudComponent\Controlador.php(299): view('cadastro', Array)
#5 C:\xampp74\htdocs\codeigniter4\appFirst\app\Controllers\Exemples.php(55): App\Libraries\GrudComponent\Controlador->show()
#6 C:\xampp74\htdocs\codeigniter4\appFirst\vendor\codeigniter4\framework\system\CodeIgniter.php(918): App\Controllers\Exemples->Escritorios()
#7 C:\xampp74\htdocs\codeigniter4\appFirst\vendor\codeigniter4\framework\system\CodeIgniter.php(404): CodeIgniter\CodeIgniter->runController(Object(App\Controllers\Exemples))
#8 C:\xampp74\htdocs\codeigniter4\appFirst\vendor\codeigniter4\framework\system\CodeIgniter.php(312): CodeIgniter\CodeIgniter->handleRequest(NULL, Object(Config\Cache), false)
#9 C:\xampp74\htdocs\codeigniter4\appFirst\public\index.php(45): CodeIgniter\CodeIgniter->run()
#10 {main}
CRITICAL - 2020-12-20 14:14:27 --> syntax error, unexpected '$Ct' (T_VARIABLE)
#0 C:\xampp74\htdocs\codeigniter4\appFirst\vendor\codeigniter4\framework\system\Router\Router.php(195): CodeIgniter\Router\Router->autoRoute('Exemples/Funcio...')
#1 C:\xampp74\htdocs\codeigniter4\appFirst\vendor\codeigniter4\framework\system\CodeIgniter.php(793): CodeIgniter\Router\Router->handle('Exemples/Funcio...')
#2 C:\xampp74\htdocs\codeigniter4\appFirst\vendor\codeigniter4\framework\system\CodeIgniter.php(364): CodeIgniter\CodeIgniter->tryToRouteIt(Object(CodeIgniter\Router\RouteCollection))
#3 C:\xampp74\htdocs\codeigniter4\appFirst\vendor\codeigniter4\framework\system\CodeIgniter.php(312): CodeIgniter\CodeIgniter->handleRequest(NULL, Object(Config\Cache), false)
#4 C:\xampp74\htdocs\codeigniter4\appFirst\public\index.php(45): CodeIgniter\CodeIgniter->run()
#5 {main}
