CRITICAL - 2020-12-21 08:56:12 --> Deletes are not allowed unless they contain a "where" or "like" clause.
#0 C:\xampp74\htdocs\codeigniter4\appFFCore\app\Libraries\GrudComponent\Controlador.php(265): CodeIgniter\Model->delete('0')
#1 C:\xampp74\htdocs\codeigniter4\appFFCore\app\Controllers\Exemples.php(189): App\Libraries\GrudComponent\Controlador->show()
#2 C:\xampp74\htdocs\codeigniter4\appFFCore\vendor\codeigniter4\framework\system\CodeIgniter.php(918): App\Controllers\Exemples->Atores()
#3 C:\xampp74\htdocs\codeigniter4\appFFCore\vendor\codeigniter4\framework\system\CodeIgniter.php(404): CodeIgniter\CodeIgniter->runController(Object(App\Controllers\Exemples))
#4 C:\xampp74\htdocs\codeigniter4\appFFCore\vendor\codeigniter4\framework\system\CodeIgniter.php(312): CodeIgniter\CodeIgniter->handleRequest(NULL, Object(Config\Cache), false)
#5 C:\xampp74\htdocs\codeigniter4\appFFCore\public\index.php(45): CodeIgniter\CodeIgniter->run()
#6 {main}
CRITICAL - 2020-12-21 09:30:35 --> syntax error, unexpected '.', expecting :: (T_PAAMAYIM_NEKUDOTAYIM)
#0 C:\xampp74\htdocs\codeigniter4\appFFCore\vendor\codeigniter4\framework\system\Autoloader\Autoloader.php(296): CodeIgniter\Autoloader\Autoloader->requireFile('C:\\xampp74\\htdo...')
#1 C:\xampp74\htdocs\codeigniter4\appFFCore\vendor\codeigniter4\framework\system\Autoloader\Autoloader.php(258): CodeIgniter\Autoloader\Autoloader->loadInNamespace('App\\Libraries\\G...')
#2 [internal function]: CodeIgniter\Autoloader\Autoloader->loadClass('App\\Libraries\\G...')
#3 C:\xampp74\htdocs\codeigniter4\appFFCore\app\Libraries\GrudComponent\Controlador.php(172): spl_autoload_call('App\\Libraries\\G...')
#4 C:\xampp74\htdocs\codeigniter4\appFFCore\app\Controllers\Exemples.php(242): App\Libraries\GrudComponent\Controlador->show()
#5 C:\xampp74\htdocs\codeigniter4\appFFCore\vendor\codeigniter4\framework\system\CodeIgniter.php(918): App\Controllers\Exemples->FilmeAtores()
#6 C:\xampp74\htdocs\codeigniter4\appFFCore\vendor\codeigniter4\framework\system\CodeIgniter.php(404): CodeIgniter\CodeIgniter->runController(Object(App\Controllers\Exemples))
#7 C:\xampp74\htdocs\codeigniter4\appFFCore\vendor\codeigniter4\framework\system\CodeIgniter.php(312): CodeIgniter\CodeIgniter->handleRequest(NULL, Object(Config\Cache), false)
#8 C:\xampp74\htdocs\codeigniter4\appFFCore\public\index.php(45): CodeIgniter\CodeIgniter->run()
#9 {main}
CRITICAL - 2020-12-21 09:32:17 --> syntax error, unexpected '.', expecting :: (T_PAAMAYIM_NEKUDOTAYIM)
#0 C:\xampp74\htdocs\codeigniter4\appFFCore\vendor\codeigniter4\framework\system\Autoloader\Autoloader.php(296): CodeIgniter\Autoloader\Autoloader->requireFile('C:\\xampp74\\htdo...')
#1 C:\xampp74\htdocs\codeigniter4\appFFCore\vendor\codeigniter4\framework\system\Autoloader\Autoloader.php(258): CodeIgniter\Autoloader\Autoloader->loadInNamespace('App\\Libraries\\G...')
#2 [internal function]: CodeIgniter\Autoloader\Autoloader->loadClass('App\\Libraries\\G...')
#3 C:\xampp74\htdocs\codeigniter4\appFFCore\app\Libraries\GrudComponent\Controlador.php(172): spl_autoload_call('App\\Libraries\\G...')
#4 C:\xampp74\htdocs\codeigniter4\appFFCore\app\Controllers\Exemples.php(242): App\Libraries\GrudComponent\Controlador->show()
#5 C:\xampp74\htdocs\codeigniter4\appFFCore\vendor\codeigniter4\framework\system\CodeIgniter.php(918): App\Controllers\Exemples->FilmeAtores()
#6 C:\xampp74\htdocs\codeigniter4\appFFCore\vendor\codeigniter4\framework\system\CodeIgniter.php(404): CodeIgniter\CodeIgniter->runController(Object(App\Controllers\Exemples))
#7 C:\xampp74\htdocs\codeigniter4\appFFCore\vendor\codeigniter4\framework\system\CodeIgniter.php(312): CodeIgniter\CodeIgniter->handleRequest(NULL, Object(Config\Cache), false)
#8 C:\xampp74\htdocs\codeigniter4\appFFCore\public\index.php(45): CodeIgniter\CodeIgniter->run()
#9 {main}
CRITICAL - 2020-12-21 09:33:48 --> Undefined variable: id
#0 C:\xampp74\htdocs\codeigniter4\appFFCore\app\Libraries\GrudComponent\Gride.php(99): CodeIgniter\Debug\Exceptions->errorHandler(8, 'Undefined varia...', 'C:\\xampp74\\htdo...', 99, Array)
#1 C:\xampp74\htdocs\codeigniter4\appFFCore\app\Libraries\GrudComponent\Controlador.php(219): App\Libraries\GrudComponent\Gride->buttonModalView(Object(App\Libraries\GrudComponent\Formulario))
#2 C:\xampp74\htdocs\codeigniter4\appFFCore\app\Controllers\Exemples.php(242): App\Libraries\GrudComponent\Controlador->show()
#3 C:\xampp74\htdocs\codeigniter4\appFFCore\vendor\codeigniter4\framework\system\CodeIgniter.php(918): App\Controllers\Exemples->FilmeAtores()
#4 C:\xampp74\htdocs\codeigniter4\appFFCore\vendor\codeigniter4\framework\system\CodeIgniter.php(404): CodeIgniter\CodeIgniter->runController(Object(App\Controllers\Exemples))
#5 C:\xampp74\htdocs\codeigniter4\appFFCore\vendor\codeigniter4\framework\system\CodeIgniter.php(312): CodeIgniter\CodeIgniter->handleRequest(NULL, Object(Config\Cache), false)
#6 C:\xampp74\htdocs\codeigniter4\appFFCore\public\index.php(45): CodeIgniter\CodeIgniter->run()
#7 {main}
CRITICAL - 2020-12-21 09:34:07 --> Undefined variable: id
#0 C:\xampp74\htdocs\codeigniter4\appFFCore\app\Libraries\GrudComponent\Gride.php(99): CodeIgniter\Debug\Exceptions->errorHandler(8, 'Undefined varia...', 'C:\\xampp74\\htdo...', 99, Array)
#1 C:\xampp74\htdocs\codeigniter4\appFFCore\app\Libraries\GrudComponent\Controlador.php(219): App\Libraries\GrudComponent\Gride->buttonModalView(Object(App\Libraries\GrudComponent\Formulario))
#2 C:\xampp74\htdocs\codeigniter4\appFFCore\app\Controllers\Exemples.php(242): App\Libraries\GrudComponent\Controlador->show()
#3 C:\xampp74\htdocs\codeigniter4\appFFCore\vendor\codeigniter4\framework\system\CodeIgniter.php(918): App\Controllers\Exemples->FilmeAtores()
#4 C:\xampp74\htdocs\codeigniter4\appFFCore\vendor\codeigniter4\framework\system\CodeIgniter.php(404): CodeIgniter\CodeIgniter->runController(Object(App\Controllers\Exemples))
#5 C:\xampp74\htdocs\codeigniter4\appFFCore\vendor\codeigniter4\framework\system\CodeIgniter.php(312): CodeIgniter\CodeIgniter->handleRequest(NULL, Object(Config\Cache), false)
#6 C:\xampp74\htdocs\codeigniter4\appFFCore\public\index.php(45): CodeIgniter\CodeIgniter->run()
#7 {main}
CRITICAL - 2020-12-21 09:37:17 --> Cannot add or update a child row: a foreign key constraint fails (`exemples`.`filme_atores`, CONSTRAINT `FK_FILME` FOREIGN KEY (`id_filme`) REFERENCES `filme` (`id`))
#0 C:\xampp74\htdocs\codeigniter4\appFFCore\vendor\codeigniter4\framework\system\Database\MySQLi\Connection.php(331): mysqli->query('INSERT INTO `fi...')
#1 C:\xampp74\htdocs\codeigniter4\appFFCore\vendor\codeigniter4\framework\system\Database\BaseConnection.php(741): CodeIgniter\Database\MySQLi\Connection->execute('INSERT INTO `fi...')
#2 C:\xampp74\htdocs\codeigniter4\appFFCore\vendor\codeigniter4\framework\system\Database\BaseConnection.php(669): CodeIgniter\Database\BaseConnection->simpleQuery('INSERT INTO `fi...')
#3 C:\xampp74\htdocs\codeigniter4\appFFCore\vendor\codeigniter4\framework\system\Database\BaseBuilder.php(2249): CodeIgniter\Database\BaseConnection->query('INSERT INTO `fi...', Array, false)
#4 C:\xampp74\htdocs\codeigniter4\appFFCore\vendor\codeigniter4\framework\system\Model.php(755): CodeIgniter\Database\BaseBuilder->insert()
#5 C:\xampp74\htdocs\codeigniter4\appFFCore\app\Libraries\GrudComponent\Controlador.php(235): CodeIgniter\Model->insert(Array)
#6 C:\xampp74\htdocs\codeigniter4\appFFCore\app\Controllers\Exemples.php(242): App\Libraries\GrudComponent\Controlador->show()
#7 C:\xampp74\htdocs\codeigniter4\appFFCore\vendor\codeigniter4\framework\system\CodeIgniter.php(918): App\Controllers\Exemples->FilmeAtores()
#8 C:\xampp74\htdocs\codeigniter4\appFFCore\vendor\codeigniter4\framework\system\CodeIgniter.php(404): CodeIgniter\CodeIgniter->runController(Object(App\Controllers\Exemples))
#9 C:\xampp74\htdocs\codeigniter4\appFFCore\vendor\codeigniter4\framework\system\CodeIgniter.php(312): CodeIgniter\CodeIgniter->handleRequest(NULL, Object(Config\Cache), false)
#10 C:\xampp74\htdocs\codeigniter4\appFFCore\public\index.php(45): CodeIgniter\CodeIgniter->run()
#11 {main}
CRITICAL - 2020-12-21 09:37:23 --> Cannot add or update a child row: a foreign key constraint fails (`exemples`.`filme_atores`, CONSTRAINT `FK_FILME` FOREIGN KEY (`id_filme`) REFERENCES `filme` (`id`))
#0 C:\xampp74\htdocs\codeigniter4\appFFCore\vendor\codeigniter4\framework\system\Database\MySQLi\Connection.php(331): mysqli->query('INSERT INTO `fi...')
#1 C:\xampp74\htdocs\codeigniter4\appFFCore\vendor\codeigniter4\framework\system\Database\BaseConnection.php(741): CodeIgniter\Database\MySQLi\Connection->execute('INSERT INTO `fi...')
#2 C:\xampp74\htdocs\codeigniter4\appFFCore\vendor\codeigniter4\framework\system\Database\BaseConnection.php(669): CodeIgniter\Database\BaseConnection->simpleQuery('INSERT INTO `fi...')
#3 C:\xampp74\htdocs\codeigniter4\appFFCore\vendor\codeigniter4\framework\system\Database\BaseBuilder.php(2249): CodeIgniter\Database\BaseConnection->query('INSERT INTO `fi...', Array, false)
#4 C:\xampp74\htdocs\codeigniter4\appFFCore\vendor\codeigniter4\framework\system\Model.php(755): CodeIgniter\Database\BaseBuilder->insert()
#5 C:\xampp74\htdocs\codeigniter4\appFFCore\app\Libraries\GrudComponent\Controlador.php(235): CodeIgniter\Model->insert(Array)
#6 C:\xampp74\htdocs\codeigniter4\appFFCore\app\Controllers\Exemples.php(242): App\Libraries\GrudComponent\Controlador->show()
#7 C:\xampp74\htdocs\codeigniter4\appFFCore\vendor\codeigniter4\framework\system\CodeIgniter.php(918): App\Controllers\Exemples->FilmeAtores()
#8 C:\xampp74\htdocs\codeigniter4\appFFCore\vendor\codeigniter4\framework\system\CodeIgniter.php(404): CodeIgniter\CodeIgniter->runController(Object(App\Controllers\Exemples))
#9 C:\xampp74\htdocs\codeigniter4\appFFCore\vendor\codeigniter4\framework\system\CodeIgniter.php(312): CodeIgniter\CodeIgniter->handleRequest(NULL, Object(Config\Cache), false)
#10 C:\xampp74\htdocs\codeigniter4\appFFCore\public\index.php(45): CodeIgniter\CodeIgniter->run()
#11 {main}
